The system is: Windows - 10.0.19044 - AMD64
Checking whether the CUDA compiler is NVIDIA using "" matched "nvcc: NVIDIA \(R\) Cuda compiler driver":
nvcc: NVIDIA (R) Cuda compiler driver
Copyright (c) 2005-2022 NVIDIA Corporation
Built on Mon_Oct_24_19:40:05_Pacific_Daylight_Time_2022
Cuda compilation tools, release 12.0, V12.0.76
Build cuda_12.0.r12.0/compiler.31968024_0
Compiling the CUDA compiler identification source file "CMakeCUDACompilerId.cu" succeeded.
Compiler: C:/Program Files/NVIDIA GPU Computing Toolkit/CUDA/v12.0/bin/nvcc.exe 
Build flags: 
Id flags: --keep;--keep-dir;tmp -v

The output was:
0

E:\Projects\CudaProgram\untitled1\cmake-build-debug\CMakeFiles\3.23.2\CompilerIdCUDA>call "C:/Program Files/Microsoft Visual Studio/2022/Professional/VC/Tools/MSVC/14.32.31326/bin/HostX64/x64/../../../../../../../VC/Auxiliary/Build/vcvars64.bat" 
**********************************************************************
** Visual Studio 2022 Developer Command Prompt v17.2.2
** Copyright (c) 2022 Microsoft Corporation
**********************************************************************
[vcvarsall.bat] Environment initialized for: 'x64'
#$ C:/Program Files/Microsoft Visual Studio/2022/Professional/VC/Tools/MSVC/14.32.31326/bin/HostX64/x64/../../../../../../../VC/Auxiliary/Build/vcvars64.bat
#$ ADSK_3DSMAX_x64_2019=D:\documents\3DS MAX\3ds Max 2019\
#$ ADSK_CLM_WPAD_PROXY_CHECK=FALSE
#$ ALLUSERSPROFILE=C:\ProgramData
#$ APPDATA=C:\Users\86183\AppData\Roaming
#$ CLASSPATH=.;D:\documents\java\jdk\lib;D:\documents\java\jdk\lib\dt.jar;D:\documents\java\jdk\lib\tools.jar
#$ CLion=D:\documents\CLion 2022.1.2\bin;
#$ CLION_IDE=TRUE
#$ CMAKE_COLOR_DIAGNOSTICS=ON
#$ CommandPromptType=Native
#$ CommonProgramFiles=C:\Program Files\Common Files
#$ CommonProgramFiles(x86)=C:\Program Files (x86)\Common Files
#$ CommonProgramW6432=C:\Program Files\Common Files
#$ COMPUTERNAME=DESKTOP-LEFVF90
#$ ComSpec=C:\WINDOWS\system32\cmd.exe
#$ CUDA_PATH=C:\Program Files\NVIDIA GPU Computing Toolkit\CUDA\v12.0
#$ CUDA_PATH_V10_0=C:\Program Files\NVIDIA GPU Computing Toolkit\CUDA\v10.0
#$ CUDA_PATH_V12_0=C:\Program Files\NVIDIA GPU Computing Toolkit\CUDA\v12.0
#$ DevEnvDir=C:\Program Files\Microsoft Visual Studio\2022\Professional\Common7\IDE\
#$ DriverData=C:\Windows\System32\Drivers\DriverData
#$ ExtensionSdkDir=C:\Program Files (x86)\Microsoft SDKs\Windows Kits\10\ExtensionSDKs
#$ Framework40Version=v4.0
#$ FrameworkDir=C:\WINDOWS\Microsoft.NET\Framework64\
#$ FrameworkDIR64=C:\WINDOWS\Microsoft.NET\Framework64
#$ FrameworkVersion=v4.0.30319
#$ FrameworkVersion64=v4.0.30319
#$ FSHARPINSTALLDIR=C:\Program Files\Microsoft Visual Studio\2022\Professional\Common7\IDE\CommonExtensions\Microsoft\FSharp\Tools
#$ HOMEDRIVE=C:
#$ HOMEPATH=\Users\86183
#$ IDEA_INITIAL_DIRECTORY=C:\Users\86183\Desktop
#$ INCLUDE=C:\Program Files\Microsoft Visual Studio\2022\Professional\VC\Tools\MSVC\14.32.31326\ATLMFC\include;C:\Program Files\Microsoft Visual Studio\2022\Professional\VC\Tools\MSVC\14.32.31326\include;C:\Program Files (x86)\Windows Kits\NETFXSDK\4.8\include\um;C:\Program Files (x86)\Windows Kits\10\include\10.0.19041.0\ucrt;C:\Program Files (x86)\Windows Kits\10\\include\10.0.19041.0\\shared;C:\Program Files (x86)\Windows Kits\10\\include\10.0.19041.0\\um;C:\Program Files (x86)\Windows Kits\10\\include\10.0.19041.0\\winrt;C:\Program Files (x86)\Windows Kits\10\\include\10.0.19041.0\\cppwinrt;C:\Program Files\Microsoft Visual Studio\2022\Professional\VC\Tools\MSVC\14.32.31326\ATLMFC\include;C:\Program Files\Microsoft Visual Studio\2022\Professional\VC\Tools\MSVC\14.32.31326\include;C:\Program Files (x86)\Windows Kits\NETFXSDK\4.8\include\um;C:\Program Files (x86)\Windows Kits\10\include\10.0.19041.0\ucrt;C:\Program Files (x86)\Windows Kits\10\\include\10.0.19041.0\\shared;C:\Program Files (x86)\Windows Kits\10\\include\10.0.19041.0\\um;C:\Program Files (x86)\Windows Kits\10\\include\10.0.19041.0\\winrt;C:\Program Files (x86)\Windows Kits\10\\include\10.0.19041.0\\cppwinrt
#$ INTEL_DEV_REDIST=C:\Program Files (x86)\Common Files\Intel\Shared Libraries\
#$ JAVA_HOME=D:\documents\java\jdk
#$ JETBRAINS_IDE=TRUE
#$ LIB=C:\Program Files\Microsoft Visual Studio\2022\Professional\VC\Tools\MSVC\14.32.31326\ATLMFC\lib\x64;C:\Program Files\Microsoft Visual Studio\2022\Professional\VC\Tools\MSVC\14.32.31326\lib\x64;C:\Program Files (x86)\Windows Kits\NETFXSDK\4.8\lib\um\x64;C:\Program Files (x86)\Windows Kits\10\lib\10.0.19041.0\ucrt\x64;C:\Program Files (x86)\Windows Kits\10\\lib\10.0.19041.0\\um\x64;C:\Program Files\Microsoft Visual Studio\2022\Professional\VC\Tools\MSVC\14.32.31326\ATLMFC\lib\x64;C:\Program Files\Microsoft Visual Studio\2022\Professional\VC\Tools\MSVC\14.32.31326\lib\x64;C:\Program Files (x86)\Windows Kits\NETFXSDK\4.8\lib\um\x64;C:\Program Files (x86)\Windows Kits\10\lib\10.0.19041.0\ucrt\x64;C:\Program Files (x86)\Windows Kits\10\\lib\10.0.19041.0\\um\x64
#$ LIBPATH=C:\Program Files\Microsoft Visual Studio\2022\Professional\VC\Tools\MSVC\14.32.31326\ATLMFC\lib\x64;C:\Program Files\Microsoft Visual Studio\2022\Professional\VC\Tools\MSVC\14.32.31326\lib\x64;C:\Program Files\Microsoft Visual Studio\2022\Professional\VC\Tools\MSVC\14.32.31326\lib\x86\store\references;C:\Program Files (x86)\Windows Kits\10\UnionMetadata\10.0.19041.0;C:\Program Files (x86)\Windows Kits\10\References\10.0.19041.0;C:\WINDOWS\Microsoft.NET\Framework64\v4.0.30319;C:\Program Files\Microsoft Visual Studio\2022\Professional\VC\Tools\MSVC\14.32.31326\ATLMFC\lib\x64;C:\Program Files\Microsoft Visual Studio\2022\Professional\VC\Tools\MSVC\14.32.31326\lib\x64;C:\Program Files\Microsoft Visual Studio\2022\Professional\VC\Tools\MSVC\14.32.31326\lib\x86\store\references;C:\Program Files (x86)\Windows Kits\10\UnionMetadata\10.0.19041.0;C:\Program Files (x86)\Windows Kits\10\References\10.0.19041.0;C:\WINDOWS\Microsoft.NET\Framework64\v4.0.30319
#$ LOCALAPPDATA=C:\Users\86183\AppData\Local
#$ LOGONSERVER=\\DESKTOP-LEFVF90
#$ MIC_LD_LIBRARY_PATH=C:\Program Files (x86)\Common Files\Intel\Shared Libraries\compiler\lib\mic
#$ NETFXSDKDir=C:\Program Files (x86)\Windows Kits\NETFXSDK\4.8\
#$ NIEXTCCOMPILERSUPP=C:\Program Files (x86)\National Instruments\Shared\ExternalCompilerSupport\C\
#$ NUMBER_OF_PROCESSORS=12
#$ NVCUDASAMPLES10_0_ROOT=C:\ProgramData\NVIDIA Corporation\CUDA Samples\v10.0
#$ NVCUDASAMPLES_ROOT=C:\ProgramData\NVIDIA Corporation\CUDA Samples\v10.0
#$ NVTOOLSEXT_PATH=C:\Program Files\NVIDIA Corporation\NvToolsExt\
#$ OneDrive=C:\Users\86183\OneDrive
#$ OneDriveConsumer=C:\Users\86183\OneDrive
#$ OS=Windows_NT
#$ Path=C:\Program Files\Microsoft Visual Studio\2022\Professional\VC\Tools\MSVC\14.32.31326\bin\HostX64\x64;C:\Program Files\Microsoft Visual Studio\2022\Professional\Common7\IDE\VC\VCPackages;C:\Program Files\Microsoft Visual Studio\2022\Professional\Common7\IDE\CommonExtensions\Microsoft\TestWindow;C:\Program Files\Microsoft Visual Studio\2022\Professional\Common7\IDE\CommonExtensions\Microsoft\TeamFoundation\Team Explorer;C:\Program Files\Microsoft Visual Studio\2022\Professional\MSBuild\Current\bin\Roslyn;C:\Program Files\Microsoft Visual Studio\2022\Professional\Team Tools\Performance Tools\x64;C:\Program Files\Microsoft Visual Studio\2022\Professional\Team Tools\Performance Tools;C:\Program Files (x86)\Microsoft SDKs\Windows\v10.0A\bin\NETFX 4.8 Tools\x64\;C:\Program Files\Microsoft Visual Studio\2022\Professional\Common7\IDE\CommonExtensions\Microsoft\FSharp\Tools;C:\Program Files (x86)\Windows Kits\10\bin\10.0.19041.0\\x64;C:\Program Files (x86)\Windows Kits\10\bin\\x64;C:\Program Files\Microsoft Visual Studio\2022\Professional\\MSBuild\Current\Bin\amd64;C:\WINDOWS\Microsoft.NET\Framework64\v4.0.30319;C:\Program Files\Microsoft Visual Studio\2022\Professional\Common7\IDE\;C:\Program Files\Microsoft Visual Studio\2022\Professional\Common7\Tools\;C:\Program Files\Microsoft Visual Studio\2022\Professional\VC\Tools\MSVC\14.32.31326\bin\HostX64\x64;C:\Program Files\Microsoft Visual Studio\2022\Professional\Common7\IDE\VC\VCPackages;C:\Program Files\Microsoft Visual Studio\2022\Professional\Common7\IDE\CommonExtensions\Microsoft\TestWindow;C:\Program Files\Microsoft Visual Studio\2022\Professional\Common7\IDE\CommonExtensions\Microsoft\TeamFoundation\Team Explorer;C:\Program Files\Microsoft Visual Studio\2022\Professional\MSBuild\Current\bin\Roslyn;C:\Program Files\Microsoft Visual Studio\2022\Professional\Team Tools\Performance Tools\x64;C:\Program Files\Microsoft Visual Studio\2022\Professional\Team Tools\Performance Tools;C:\Program Files (x86)\Microsoft SDKs\Windows\v10.0A\bin\NETFX 4.8 Tools\x64\;C:\Program Files\Microsoft Visual Studio\2022\Professional\Common7\IDE\CommonExtensions\Microsoft\FSharp\Tools;C:\Program Files (x86)\Windows Kits\10\bin\10.0.19041.0\\x64;C:\Program Files (x86)\Windows Kits\10\bin\\x64;C:\Program Files\Microsoft Visual Studio\2022\Professional\\MSBuild\Current\Bin\amd64;C:\WINDOWS\Microsoft.NET\Framework64\v4.0.30319;C:\Program Files\Microsoft Visual Studio\2022\Professional\Common7\IDE\;C:\Program Files\Microsoft Visual Studio\2022\Professional\Common7\Tools\;C:\Program Files\NVIDIA GPU Computing Toolkit\CUDA\v12.0\bin;C:\Program Files\NVIDIA GPU Computing Toolkit\CUDA\v12.0\libnvvp;C:\Program Files\NVIDIA GPU Computing Toolkit\CUDA\v10.0\bin;C:\Program Files\NVIDIA GPU Computing Toolkit\CUDA\v10.0\libnvvp;C:\Program Files\Microsoft\jdk-11.0.12.7-hotspot\bin;D:\documents\NetSarang\Xlpd 6\;D:\documents\NetSarang\Xshell 6\;D:\documents\NetSarang\Xmanager 6\;D:\documents\VMware Workstation Pro\bin\;C:\ProgramData\Oracle\Java\javapath;C:\Program Files (x86)\Common Files\Intel\Shared Libraries\redist\intel64\compiler;C:\Windows\system32;C:\Windows;C:\Windows\System32\Wbem;C:\Windows\System32\WindowsPowerShell\v1.0\;C:\Windows\System32\OpenSSH\;C:\Program Files (x86)\NVIDIA Corporation\PhysX\Common;C:\Program Files\NVIDIA Corporation\NVIDIA NvDLISR;C:\WINDOWS\system32;C:\WINDOWS;C:\WINDOWS\System32\Wbem;C:\WINDOWS\System32\WindowsPowerShell\v1.0\;C:\WINDOWS\System32\OpenSSH\;D:\documents\java\jdk\bin\;D:\documents\java\jdk\jre\bin\;C:\Program Files\Common Files\Autodesk Shared\;D:\documents\NodeJS\;D:\documents\Git\cmd;D:\documents\Xshell 7\;D:\documents\NetSarang\Xftp 7\;C:\Program Files\dotnet\;C:\Program Files\CMake\bin;C:\Program Files\Rust stable GNU 1.64\bin;C:\Windows\System32\Wbem;C:\Program Files\NVIDIA GPU Computing Toolkit\CUDA\v10.0\lib\x64;C:\Program Files\NVIDIA GPU Computing Toolkit\CUDA\v10.0\bin;C:\Program Files\NVIDIA GPU Computing Toolkit\CUDA\v10.0\include;C:\Program Files\NVIDIA GPU Computing Toolkit\CUDA\v10.0\libnvvp;C:\Program Files\NVIDIA Corporation\Nsight Compute 2022.4.0\;C:\Users\86183\.cargo\bin;C:\Program Files\MySQL\MySQL Shell 8.0\bin\;C:\Users\86183\AppData\Local\Microsoft\WindowsApps;D:\inssoft\MingW\mingw64\bin;C:\Program Files\MySQL\MySQL Server 5.7\bin;C:\Users\86183\AppData\Roaming\npm;D:\documents\Microsoft VS Code\bin;C:\Users\86183\.dotnet\tools;D:\documents\CLion 2022.1.2\bin;;C:\Program Files\Microsoft Visual Studio\2022\Professional\Common7\IDE\CommonExtensions\Microsoft\CMake\CMake\bin;C:\Program Files\Microsoft Visual Studio\2022\Professional\Common7\IDE\CommonExtensions\Microsoft\CMake\Ninja;C:\Program Files\Microsoft Visual Studio\2022\Professional\Common7\IDE\VC\Linux\bin\ConnectionManagerExe;C:\Program Files\NVIDIA GPU Computing Toolkit\CUDA\v12.0\bin;C:\Program Files\NVIDIA GPU Computing Toolkit\CUDA\v12.0\libnvvp;C:\Program Files\NVIDIA GPU Computing Toolkit\CUDA\v10.0\bin;C:\Program Files\NVIDIA GPU Computing Toolkit\CUDA\v10.0\libnvvp;C:\Program Files\Microsoft\jdk-11.0.12.7-hotspot\bin;D:\documents\NetSarang\Xlpd 6\;D:\documents\NetSarang\Xshell 6\;D:\documents\NetSarang\Xmanager 6\;D:\documents\VMware Workstation Pro\bin\;C:\ProgramData\Oracle\Java\javapath;C:\Program Files (x86)\Common Files\Intel\Shared Libraries\redist\intel64\compiler;C:\Windows\system32;C:\Windows;C:\Windows\System32\Wbem;C:\Windows\System32\WindowsPowerShell\v1.0\;C:\Windows\System32\OpenSSH\;C:\Program Files (x86)\NVIDIA Corporation\PhysX\Common;C:\Program Files\NVIDIA Corporation\NVIDIA NvDLISR;C:\WINDOWS\system32;C:\WINDOWS;C:\WINDOWS\System32\Wbem;C:\WINDOWS\System32\WindowsPowerShell\v1.0\;C:\WINDOWS\System32\OpenSSH\;D:\documents\java\jdk\bin\;D:\documents\java\jdk\jre\bin\;C:\Program Files\Common Files\Autodesk Shared\;D:\documents\NodeJS\;D:\documents\Git\cmd;D:\documents\Xshell 7\;D:\documents\NetSarang\Xftp 7\;C:\Program Files\dotnet\;C:\Program Files\CMake\bin;C:\Program Files\Rust stable GNU 1.64\bin;C:\Windows\System32\Wbem;C:\Program Files\NVIDIA GPU Computing Toolkit\CUDA\v10.0\lib\x64;C:\Program Files\NVIDIA GPU Computing Toolkit\CUDA\v10.0\bin;C:\Program Files\NVIDIA GPU Computing Toolkit\CUDA\v10.0\include;C:\Program Files\NVIDIA GPU Computing Toolkit\CUDA\v10.0\libnvvp;C:\Program Files\NVIDIA Corporation\Nsight Compute 2022.4.0\;C:\Users\86183\.cargo\bin;C:\Program Files\MySQL\MySQL Shell 8.0\bin\;C:\Users\86183\AppData\Local\Microsoft\WindowsApps;D:\inssoft\MingW\mingw64\bin;C:\Program Files\MySQL\MySQL Server 5.7\bin;C:\Users\86183\AppData\Roaming\npm;D:\documents\Microsoft VS Code\bin;C:\Users\86183\.dotnet\tools;D:\documents\CLion 2022.1.2\bin;;E:\Tools\CLion 2022.2.4\bin\ninja\win;C:\Program Files\Microsoft Visual Studio\2022\Professional\Common7\IDE\CommonExtensions\Microsoft\CMake\CMake\bin;C:\Program Files\Microsoft Visual Studio\2022\Professional\Common7\IDE\CommonExtensions\Microsoft\CMake\Ninja;C:\Program Files\Microsoft Visual Studio\2022\Professional\Common7\IDE\VC\Linux\bin\ConnectionManagerExe
#$ PATHEXT=.COM;.EXE;.BAT;.CMD;.VBS;.VBE;.JS;.JSE;.WSF;.WSH;.MSC
#$ Platform=x64
#$ PROCESSOR_ARCHITECTURE=AMD64
#$ PROCESSOR_IDENTIFIER=Intel64 Family 6 Model 165 Stepping 2, GenuineIntel
#$ PROCESSOR_LEVEL=6
#$ PROCESSOR_REVISION=a502
#$ ProgramData=C:\ProgramData
#$ ProgramFiles=C:\Program Files
#$ ProgramFiles(x86)=C:\Program Files (x86)
#$ ProgramW6432=C:\Program Files
#$ PROMPT=$P$G
#$ PSModulePath=C:\Program Files\WindowsPowerShell\Modules;C:\WINDOWS\system32\WindowsPowerShell\v1.0\Modules
#$ PT5HOME=E:\Tools\Cisco Packet Tracer 6.1sv
#$ PT6HOME=E:\Tools\Cisco Packet Tracer 6.1sv
#$ PUBLIC=C:\Users\Public
#$ SESSIONNAME=Console
#$ SystemDrive=C:
#$ SystemRoot=C:\WINDOWS
#$ UCRTVersion=10.0.19041.0
#$ UniversalCRTSdkDir=C:\Program Files (x86)\Windows Kits\10\
#$ USERDOMAIN=DESKTOP-LEFVF90
#$ USERDOMAIN_ROAMINGPROFILE=DESKTOP-LEFVF90
#$ USERNAME=86183
#$ USERPROFILE=C:\Users\86183
#$ VBOX_MSI_INSTALL_PATH=D:\documents\virtualBox\
#$ VCIDEInstallDir=C:\Program Files\Microsoft Visual Studio\2022\Professional\Common7\IDE\VC\
#$ VCINSTALLDIR=C:\Program Files\Microsoft Visual Studio\2022\Professional\VC\
#$ VCToolsInstallDir=C:\Program Files\Microsoft Visual Studio\2022\Professional\VC\Tools\MSVC\14.32.31326\
#$ VCToolsRedistDir=C:\Program Files\Microsoft Visual Studio\2022\Professional\VC\Redist\MSVC\14.32.31326\
#$ VCToolsVersion=14.32.31326
#$ VisualStudioVersion=17.0
#$ VS140COMNTOOLS=C:\Program Files (x86)\Microsoft Visual Studio 14.0\Common7\Tools\
#$ VS150COMCOMNTOOLS=C:\Program Files (x86)\Microsoft Visual Studio\2017\Community\Common7\Tools\
#$ VS170COMNTOOLS=C:\Program Files\Microsoft Visual Studio\2022\Professional\Common7\Tools\
#$ VSCMD_ARG_app_plat=Desktop
#$ VSCMD_ARG_HOST_ARCH=x64
#$ VSCMD_ARG_TGT_ARCH=x64
#$ VSCMD_DEBUG=
#$ VSCMD_SKIP_SENDTELEMETRY=1
#$ VSCMD_VER=17.2.2
#$ vsconsoleoutput=1
#$ VSINSTALLDIR=C:\Program Files\Microsoft Visual Studio\2022\Professional\
#$ windir=C:\WINDOWS
#$ WindowsLibPath=C:\Program Files (x86)\Windows Kits\10\UnionMetadata\10.0.19041.0;C:\Program Files (x86)\Windows Kits\10\References\10.0.19041.0
#$ WindowsSdkBinPath=C:\Program Files (x86)\Windows Kits\10\bin\
#$ WindowsSdkDir=C:\Program Files (x86)\Windows Kits\10\
#$ WindowsSDKLibVersion=10.0.19041.0\
#$ WindowsSdkVerBinPath=C:\Program Files (x86)\Windows Kits\10\bin\10.0.19041.0\
#$ WindowsSDKVersion=10.0.19041.0\
#$ WindowsSDK_ExecutablePath_x64=C:\Program Files (x86)\Microsoft SDKs\Windows\v10.0A\bin\NETFX 4.8 Tools\x64\
#$ WindowsSDK_ExecutablePath_x86=C:\Program Files (x86)\Microsoft SDKs\Windows\v10.0A\bin\NETFX 4.8 Tools\
#$ ZES_ENABLE_SYSMAN=1
#$ __DOTNET_ADD_64BIT=1
#$ __DOTNET_PREFERRED_BITNESS=64
#$ __VSCMD_PREINIT_PATH=C:\Program Files\NVIDIA GPU Computing Toolkit\CUDA\v12.0\bin;C:\Program Files\NVIDIA GPU Computing Toolkit\CUDA\v12.0\libnvvp;C:\Program Files\NVIDIA GPU Computing Toolkit\CUDA\v10.0\bin;C:\Program Files\NVIDIA GPU Computing Toolkit\CUDA\v10.0\libnvvp;C:\Program Files\Microsoft\jdk-11.0.12.7-hotspot\bin;D:\documents\NetSarang\Xlpd 6\;D:\documents\NetSarang\Xshell 6\;D:\documents\NetSarang\Xmanager 6\;D:\documents\VMware Workstation Pro\bin\;C:\ProgramData\Oracle\Java\javapath;C:\Program Files (x86)\Common Files\Intel\Shared Libraries\redist\intel64\compiler;C:\Windows\system32;C:\Windows;C:\Windows\System32\Wbem;C:\Windows\System32\WindowsPowerShell\v1.0\;C:\Windows\System32\OpenSSH\;C:\Program Files (x86)\NVIDIA Corporation\PhysX\Common;C:\Program Files\NVIDIA Corporation\NVIDIA NvDLISR;C:\WINDOWS\system32;C:\WINDOWS;C:\WINDOWS\System32\Wbem;C:\WINDOWS\System32\WindowsPowerShell\v1.0\;C:\WINDOWS\System32\OpenSSH\;D:\documents\java\jdk\bin\;D:\documents\java\jdk\jre\bin\;C:\Program Files\Common Files\Autodesk Shared\;D:\documents\NodeJS\;D:\documents\Git\cmd;D:\documents\Xshell 7\;D:\documents\NetSarang\Xftp 7\;C:\Program Files\dotnet\;C:\Program Files\CMake\bin;C:\Program Files\Rust stable GNU 1.64\bin;C:\Windows\System32\Wbem;C:\Program Files\NVIDIA GPU Computing Toolkit\CUDA\v10.0\lib\x64;C:\Program Files\NVIDIA GPU Computing Toolkit\CUDA\v10.0\bin;C:\Program Files\NVIDIA GPU Computing Toolkit\CUDA\v10.0\include;C:\Program Files\NVIDIA GPU Computing Toolkit\CUDA\v10.0\libnvvp;C:\Program Files\NVIDIA Corporation\Nsight Compute 2022.4.0\;C:\Users\86183\.cargo\bin;C:\Program Files\MySQL\MySQL Shell 8.0\bin\;C:\Users\86183\AppData\Local\Microsoft\WindowsApps;D:\inssoft\MingW\mingw64\bin;C:\Program Files\MySQL\MySQL Server 5.7\bin;C:\Users\86183\AppData\Roaming\npm;D:\documents\Microsoft VS Code\bin;C:\Users\86183\.dotnet\tools;D:\documents\CLion 2022.1.2\bin;
#$ __VSCMD_PREINIT_VCToolsVersion=14.32.31326
#$ __VSCMD_PREINIT_VS170COMNTOOLS=C:\Program Files\Microsoft Visual Studio\2022\Professional\Common7\Tools\
#$ PATH=C:\Program Files\Microsoft Visual Studio\2022\Professional\VC\Tools\MSVC\14.32.31326\bin\HostX64\x64;C:\Program Files\Microsoft Visual Studio\2022\Professional\VC\Tools\MSVC\14.32.31326\bin\HostX64\x64;C:\Program Files\Microsoft Visual Studio\2022\Professional\Common7\IDE\VC\VCPackages;C:\Program Files\Microsoft Visual Studio\2022\Professional\Common7\IDE\CommonExtensions\Microsoft\TestWindow;C:\Program Files\Microsoft Visual Studio\2022\Professional\Common7\IDE\CommonExtensions\Microsoft\TeamFoundation\Team Explorer;C:\Program Files\Microsoft Visual Studio\2022\Professional\MSBuild\Current\bin\Roslyn;C:\Program Files\Microsoft Visual Studio\2022\Professional\Team Tools\Performance Tools\x64;C:\Program Files\Microsoft Visual Studio\2022\Professional\Team Tools\Performance Tools;C:\Program Files (x86)\Microsoft SDKs\Windows\v10.0A\bin\NETFX 4.8 Tools\x64\;C:\Program Files\Microsoft Visual Studio\2022\Professional\Common7\IDE\CommonExtensions\Microsoft\FSharp\Tools;C:\Program Files (x86)\Windows Kits\10\bin\10.0.19041.0\\x64;C:\Program Files (x86)\Windows Kits\10\bin\\x64;C:\Program Files\Microsoft Visual Studio\2022\Professional\\MSBuild\Current\Bin\amd64;C:\WINDOWS\Microsoft.NET\Framework64\v4.0.30319;C:\Program Files\Microsoft Visual Studio\2022\Professional\Common7\IDE\;C:\Program Files\Microsoft Visual Studio\2022\Professional\Common7\Tools\;C:\Program Files\Microsoft Visual Studio\2022\Professional\VC\Tools\MSVC\14.32.31326\bin\HostX64\x64;C:\Program Files\Microsoft Visual Studio\2022\Professional\Common7\IDE\VC\VCPackages;C:\Program Files\Microsoft Visual Studio\2022\Professional\Common7\IDE\CommonExtensions\Microsoft\TestWindow;C:\Program Files\Microsoft Visual Studio\2022\Professional\Common7\IDE\CommonExtensions\Microsoft\TeamFoundation\Team Explorer;C:\Program Files\Microsoft Visual Studio\2022\Professional\MSBuild\Current\bin\Roslyn;C:\Program Files\Microsoft Visual Studio\2022\Professional\Team Tools\Performance Tools\x64;C:\Program Files\Microsoft Visual Studio\2022\Professional\Team Tools\Performance Tools;C:\Program Files (x86)\Microsoft SDKs\Windows\v10.0A\bin\NETFX 4.8 Tools\x64\;C:\Program Files\Microsoft Visual Studio\2022\Professional\Common7\IDE\CommonExtensions\Microsoft\FSharp\Tools;C:\Program Files (x86)\Windows Kits\10\bin\10.0.19041.0\\x64;C:\Program Files (x86)\Windows Kits\10\bin\\x64;C:\Program Files\Microsoft Visual Studio\2022\Professional\\MSBuild\Current\Bin\amd64;C:\WINDOWS\Microsoft.NET\Framework64\v4.0.30319;C:\Program Files\Microsoft Visual Studio\2022\Professional\Common7\IDE\;C:\Program Files\Microsoft Visual Studio\2022\Professional\Common7\Tools\;C:\Program Files\NVIDIA GPU Computing Toolkit\CUDA\v12.0\bin;C:\Program Files\NVIDIA GPU Computing Toolkit\CUDA\v12.0\libnvvp;C:\Program Files\NVIDIA GPU Computing Toolkit\CUDA\v10.0\bin;C:\Program Files\NVIDIA GPU Computing Toolkit\CUDA\v10.0\libnvvp;C:\Program Files\Microsoft\jdk-11.0.12.7-hotspot\bin;D:\documents\NetSarang\Xlpd 6\;D:\documents\NetSarang\Xshell 6\;D:\documents\NetSarang\Xmanager 6\;D:\documents\VMware Workstation Pro\bin\;C:\ProgramData\Oracle\Java\javapath;C:\Program Files (x86)\Common Files\Intel\Shared Libraries\redist\intel64\compiler;C:\Windows\system32;C:\Windows;C:\Windows\System32\Wbem;C:\Windows\System32\WindowsPowerShell\v1.0\;C:\Windows\System32\OpenSSH\;C:\Program Files (x86)\NVIDIA Corporation\PhysX\Common;C:\Program Files\NVIDIA Corporation\NVIDIA NvDLISR;C:\WINDOWS\system32;C:\WINDOWS;C:\WINDOWS\System32\Wbem;C:\WINDOWS\System32\WindowsPowerShell\v1.0\;C:\WINDOWS\System32\OpenSSH\;D:\documents\java\jdk\bin\;D:\documents\java\jdk\jre\bin\;C:\Program Files\Common Files\Autodesk Shared\;D:\documents\NodeJS\;D:\documents\Git\cmd;D:\documents\Xshell 7\;D:\documents\NetSarang\Xftp 7\;C:\Program Files\dotnet\;C:\Program Files\CMake\bin;C:\Program Files\Rust stable GNU 1.64\bin;C:\Windows\System32\Wbem;C:\Program Files\NVIDIA GPU Computing Toolkit\CUDA\v10.0\lib\x64;C:\Program Files\NVIDIA GPU Computing Toolkit\CUDA\v10.0\bin;C:\Program Files\NVIDIA GPU Computing Toolkit\CUDA\v10.0\include;C:\Program Files\NVIDIA GPU Computing Toolkit\CUDA\v10.0\libnvvp;C:\Program Files\NVIDIA Corporation\Nsight Compute 2022.4.0\;C:\Users\86183\.cargo\bin;C:\Program Files\MySQL\MySQL Shell 8.0\bin\;C:\Users\86183\AppData\Local\Microsoft\WindowsApps;D:\inssoft\MingW\mingw64\bin;C:\Program Files\MySQL\MySQL Server 5.7\bin;C:\Users\86183\AppData\Roaming\npm;D:\documents\Microsoft VS Code\bin;C:\Users\86183\.dotnet\tools;D:\documents\CLion 2022.1.2\bin;;C:\Program Files\Microsoft Visual Studio\2022\Professional\Common7\IDE\CommonExtensions\Microsoft\CMake\CMake\bin;C:\Program Files\Microsoft Visual Studio\2022\Professional\Common7\IDE\CommonExtensions\Microsoft\CMake\Ninja;C:\Program Files\Microsoft Visual Studio\2022\Professional\Common7\IDE\VC\Linux\bin\ConnectionManagerExe;C:\Program Files\NVIDIA GPU Computing Toolkit\CUDA\v12.0\bin;C:\Program Files\NVIDIA GPU Computing Toolkit\CUDA\v12.0\libnvvp;C:\Program Files\NVIDIA GPU Computing Toolkit\CUDA\v10.0\bin;C:\Program Files\NVIDIA GPU Computing Toolkit\CUDA\v10.0\libnvvp;C:\Program Files\Microsoft\jdk-11.0.12.7-hotspot\bin;D:\documents\NetSarang\Xlpd 6\;D:\documents\NetSarang\Xshell 6\;D:\documents\NetSarang\Xmanager 6\;D:\documents\VMware Workstation Pro\bin\;C:\ProgramData\Oracle\Java\javapath;C:\Program Files (x86)\Common Files\Intel\Shared Libraries\redist\intel64\compiler;C:\Windows\system32;C:\Windows;C:\Windows\System32\Wbem;C:\Windows\System32\WindowsPowerShell\v1.0\;C:\Windows\System32\OpenSSH\;C:\Program Files (x86)\NVIDIA Corporation\PhysX\Common;C:\Program Files\NVIDIA Corporation\NVIDIA NvDLISR;C:\WINDOWS\system32;C:\WINDOWS;C:\WINDOWS\System32\Wbem;C:\WINDOWS\System32\WindowsPowerShell\v1.0\;C:\WINDOWS\System32\OpenSSH\;D:\documents\java\jdk\bin\;D:\documents\java\jdk\jre\bin\;C:\Program Files\Common Files\Autodesk Shared\;D:\documents\NodeJS\;D:\documents\Git\cmd;D:\documents\Xshell 7\;D:\documents\NetSarang\Xftp 7\;C:\Program Files\dotnet\;C:\Program Files\CMake\bin;C:\Program Files\Rust stable GNU 1.64\bin;C:\Windows\System32\Wbem;C:\Program Files\NVIDIA GPU Computing Toolkit\CUDA\v10.0\lib\x64;C:\Program Files\NVIDIA GPU Computing Toolkit\CUDA\v10.0\bin;C:\Program Files\NVIDIA GPU Computing Toolkit\CUDA\v10.0\include;C:\Program Files\NVIDIA GPU Computing Toolkit\CUDA\v10.0\libnvvp;C:\Program Files\NVIDIA Corporation\Nsight Compute 2022.4.0\;C:\Users\86183\.cargo\bin;C:\Program Files\MySQL\MySQL Shell 8.0\bin\;C:\Users\86183\AppData\Local\Microsoft\WindowsApps;D:\inssoft\MingW\mingw64\bin;C:\Program Files\MySQL\MySQL Server 5.7\bin;C:\Users\86183\AppData\Roaming\npm;D:\documents\Microsoft VS Code\bin;C:\Users\86183\.dotnet\tools;D:\documents\CLion 2022.1.2\bin;;E:\Tools\CLion 2022.2.4\bin\ninja\win;C:\Program Files\Microsoft Visual Studio\2022\Professional\Common7\IDE\CommonExtensions\Microsoft\CMake\CMake\bin;C:\Program Files\Microsoft Visual Studio\2022\Professional\Common7\IDE\CommonExtensions\Microsoft\CMake\Ninja;C:\Program Files\Microsoft Visual Studio\2022\Professional\Common7\IDE\VC\Linux\bin\ConnectionManagerExe
#$ _NVVM_BRANCH_=nvvm
#$ _SPACE_= 
#$ _CUDART_=cudart
#$ _HERE_=C:/Program Files/NVIDIA GPU Computing Toolkit/CUDA/v12.0/bin
#$ _THERE_=C:/Program Files/NVIDIA GPU Computing Toolkit/CUDA/v12.0/bin
#$ _TARGET_SIZE_=
#$ _TARGET_DIR_=
#$ _TARGET_SIZE_=64
#$ _WIN_PLATFORM_=x64
#$ TOP=C:/Program Files/NVIDIA GPU Computing Toolkit/CUDA/v12.0/bin/..
#$ NVVMIR_LIBRARY_DIR=C:/Program Files/NVIDIA GPU Computing Toolkit/CUDA/v12.0/bin/../nvvm/libdevice
#$ PATH=C:/Program Files/NVIDIA GPU Computing Toolkit/CUDA/v12.0/bin/../nvvm/bin;C:/Program Files/NVIDIA GPU Computing Toolkit/CUDA/v12.0/bin;C:/Program Files/NVIDIA GPU Computing Toolkit/CUDA/v12.0/bin/../lib;C:\Program Files\Microsoft Visual Studio\2022\Professional\VC\Tools\MSVC\14.32.31326\bin\HostX64\x64;C:\Program Files\Microsoft Visual Studio\2022\Professional\VC\Tools\MSVC\14.32.31326\bin\HostX64\x64;C:\Program Files\Microsoft Visual Studio\2022\Professional\Common7\IDE\VC\VCPackages;C:\Program Files\Microsoft Visual Studio\2022\Professional\Common7\IDE\CommonExtensions\Microsoft\TestWindow;C:\Program Files\Microsoft Visual Studio\2022\Professional\Common7\IDE\CommonExtensions\Microsoft\TeamFoundation\Team Explorer;C:\Program Files\Microsoft Visual Studio\2022\Professional\MSBuild\Current\bin\Roslyn;C:\Program Files\Microsoft Visual Studio\2022\Professional\Team Tools\Performance Tools\x64;C:\Program Files\Microsoft Visual Studio\2022\Professional\Team Tools\Performance Tools;C:\Program Files (x86)\Microsoft SDKs\Windows\v10.0A\bin\NETFX 4.8 Tools\x64\;C:\Program Files\Microsoft Visual Studio\2022\Professional\Common7\IDE\CommonExtensions\Microsoft\FSharp\Tools;C:\Program Files (x86)\Windows Kits\10\bin\10.0.19041.0\\x64;C:\Program Files (x86)\Windows Kits\10\bin\\x64;C:\Program Files\Microsoft Visual Studio\2022\Professional\\MSBuild\Current\Bin\amd64;C:\WINDOWS\Microsoft.NET\Framework64\v4.0.30319;C:\Program Files\Microsoft Visual Studio\2022\Professional\Common7\IDE\;C:\Program Files\Microsoft Visual Studio\2022\Professional\Common7\Tools\;C:\Program Files\Microsoft Visual Studio\2022\Professional\VC\Tools\MSVC\14.32.31326\bin\HostX64\x64;C:\Program Files\Microsoft Visual Studio\2022\Professional\Common7\IDE\VC\VCPackages;C:\Program Files\Microsoft Visual Studio\2022\Professional\Common7\IDE\CommonExtensions\Microsoft\TestWindow;C:\Program Files\Microsoft Visual Studio\2022\Professional\Common7\IDE\CommonExtensions\Microsoft\TeamFoundation\Team Explorer;C:\Program Files\Microsoft Visual Studio\2022\Professional\MSBuild\Current\bin\Roslyn;C:\Program Files\Microsoft Visual Studio\2022\Professional\Team Tools\Performance Tools\x64;C:\Program Files\Microsoft Visual Studio\2022\Professional\Team Tools\Performance Tools;C:\Program Files (x86)\Microsoft SDKs\Windows\v10.0A\bin\NETFX 4.8 Tools\x64\;C:\Program Files\Microsoft Visual Studio\2022\Professional\Common7\IDE\CommonExtensions\Microsoft\FSharp\Tools;C:\Program Files (x86)\Windows Kits\10\bin\10.0.19041.0\\x64;C:\Program Files (x86)\Windows Kits\10\bin\\x64;C:\Program Files\Microsoft Visual Studio\2022\Professional\\MSBuild\Current\Bin\amd64;C:\WINDOWS\Microsoft.NET\Framework64\v4.0.30319;C:\Program Files\Microsoft Visual Studio\2022\Professional\Common7\IDE\;C:\Program Files\Microsoft Visual Studio\2022\Professional\Common7\Tools\;C:\Program Files\NVIDIA GPU Computing Toolkit\CUDA\v12.0\bin;C:\Program Files\NVIDIA GPU Computing Toolkit\CUDA\v12.0\libnvvp;C:\Program Files\NVIDIA GPU Computing Toolkit\CUDA\v10.0\bin;C:\Program Files\NVIDIA GPU Computing Toolkit\CUDA\v10.0\libnvvp;C:\Program Files\Microsoft\jdk-11.0.12.7-hotspot\bin;D:\documents\NetSarang\Xlpd 6\;D:\documents\NetSarang\Xshell 6\;D:\documents\NetSarang\Xmanager 6\;D:\documents\VMware Workstation Pro\bin\;C:\ProgramData\Oracle\Java\javapath;C:\Program Files (x86)\Common Files\Intel\Shared Libraries\redist\intel64\compiler;C:\Windows\system32;C:\Windows;C:\Windows\System32\Wbem;C:\Windows\System32\WindowsPowerShell\v1.0\;C:\Windows\System32\OpenSSH\;C:\Program Files (x86)\NVIDIA Corporation\PhysX\Common;C:\Program Files\NVIDIA Corporation\NVIDIA NvDLISR;C:\WINDOWS\system32;C:\WINDOWS;C:\WINDOWS\System32\Wbem;C:\WINDOWS\System32\WindowsPowerShell\v1.0\;C:\WINDOWS\System32\OpenSSH\;D:\documents\java\jdk\bin\;D:\documents\java\jdk\jre\bin\;C:\Program Files\Common Files\Autodesk Shared\;D:\documents\NodeJS\;D:\documents\Git\cmd;D:\documents\Xshell 7\;D:\documents\NetSarang\Xftp 7\;C:\Program Files\dotnet\;C:\Program Files\CMake\bin;C:\Program Files\Rust stable GNU 1.64\bin;C:\Windows\System32\Wbem;C:\Program Files\NVIDIA GPU Computing Toolkit\CUDA\v10.0\lib\x64;C:\Program Files\NVIDIA GPU Computing Toolkit\CUDA\v10.0\bin;C:\Program Files\NVIDIA GPU Computing Toolkit\CUDA\v10.0\include;C:\Program Files\NVIDIA GPU Computing Toolkit\CUDA\v10.0\libnvvp;C:\Program Files\NVIDIA Corporation\Nsight Compute 2022.4.0\;C:\Users\86183\.cargo\bin;C:\Program Files\MySQL\MySQL Shell 8.0\bin\;C:\Users\86183\AppData\Local\Microsoft\WindowsApps;D:\inssoft\MingW\mingw64\bin;C:\Program Files\MySQL\MySQL Server 5.7\bin;C:\Users\86183\AppData\Roaming\npm;D:\documents\Microsoft VS Code\bin;C:\Users\86183\.dotnet\tools;D:\documents\CLion 2022.1.2\bin;;C:\Program Files\Microsoft Visual Studio\2022\Professional\Common7\IDE\CommonExtensions\Microsoft\CMake\CMake\bin;C:\Program Files\Microsoft Visual Studio\2022\Professional\Common7\IDE\CommonExtensions\Microsoft\CMake\Ninja;C:\Program Files\Microsoft Visual Studio\2022\Professional\Common7\IDE\VC\Linux\bin\ConnectionManagerExe;C:\Program Files\NVIDIA GPU Computing Toolkit\CUDA\v12.0\bin;C:\Program Files\NVIDIA GPU Computing Toolkit\CUDA\v12.0\libnvvp;C:\Program Files\NVIDIA GPU Computing Toolkit\CUDA\v10.0\bin;C:\Program Files\NVIDIA GPU Computing Toolkit\CUDA\v10.0\libnvvp;C:\Program Files\Microsoft\jdk-11.0.12.7-hotspot\bin;D:\documents\NetSarang\Xlpd 6\;D:\documents\NetSarang\Xshell 6\;D:\documents\NetSarang\Xmanager 6\;D:\documents\VMware Workstation Pro\bin\;C:\ProgramData\Oracle\Java\javapath;C:\Program Files (x86)\Common Files\Intel\Shared Libraries\redist\intel64\compiler;C:\Windows\system32;C:\Windows;C:\Windows\System32\Wbem;C:\Windows\System32\WindowsPowerShell\v1.0\;C:\Windows\System32\OpenSSH\;C:\Program Files (x86)\NVIDIA Corporation\PhysX\Common;C:\Program Files\NVIDIA Corporation\NVIDIA NvDLISR;C:\WINDOWS\system32;C:\WINDOWS;C:\WINDOWS\System32\Wbem;C:\WINDOWS\System32\WindowsPowerShell\v1.0\;C:\WINDOWS\System32\OpenSSH\;D:\documents\java\jdk\bin\;D:\documents\java\jdk\jre\bin\;C:\Program Files\Common Files\Autodesk Shared\;D:\documents\NodeJS\;D:\documents\Git\cmd;D:\documents\Xshell 7\;D:\documents\NetSarang\Xftp 7\;C:\Program Files\dotnet\;C:\Program Files\CMake\bin;C:\Program Files\Rust stable GNU 1.64\bin;C:\Windows\System32\Wbem;C:\Program Files\NVIDIA GPU Computing Toolkit\CUDA\v10.0\lib\x64;C:\Program Files\NVIDIA GPU Computing Toolkit\CUDA\v10.0\bin;C:\Program Files\NVIDIA GPU Computing Toolkit\CUDA\v10.0\include;C:\Program Files\NVIDIA GPU Computing Toolkit\CUDA\v10.0\libnvvp;C:\Program Files\NVIDIA Corporation\Nsight Compute 2022.4.0\;C:\Users\86183\.cargo\bin;C:\Program Files\MySQL\MySQL Shell 8.0\bin\;C:\Users\86183\AppData\Local\Microsoft\WindowsApps;D:\inssoft\MingW\mingw64\bin;C:\Program Files\MySQL\MySQL Server 5.7\bin;C:\Users\86183\AppData\Roaming\npm;D:\documents\Microsoft VS Code\bin;C:\Users\86183\.dotnet\tools;D:\documents\CLion 2022.1.2\bin;;E:\Tools\CLion 2022.2.4\bin\ninja\win;C:\Program Files\Microsoft Visual Studio\2022\Professional\Common7\IDE\CommonExtensions\Microsoft\CMake\CMake\bin;C:\Program Files\Microsoft Visual Studio\2022\Professional\Common7\IDE\CommonExtensions\Microsoft\CMake\Ninja;C:\Program Files\Microsoft Visual Studio\2022\Professional\Common7\IDE\VC\Linux\bin\ConnectionManagerExe
#$ INCLUDES="-IC:/Program Files/NVIDIA GPU Computing Toolkit/CUDA/v12.0/bin/../include"  
#$ LIBRARIES=  "/LIBPATH:C:/Program Files/NVIDIA GPU Computing Toolkit/CUDA/v12.0/bin/../lib/x64"
#$ CUDAFE_FLAGS=
#$ PTXAS_FLAGS=
#$ erase tmp/a_dlink.reg.c
CMakeCUDACompilerId.cu
#$ cl.exe @"tmp/CMakeCUDACompilerId.cpp4.ii.res" > "tmp/CMakeCUDACompilerId.cpp4.ii" 
CMakeCUDACompilerId.cu
#$ cudafe++ --microsoft_version=1932 --msvc_target_version=1932 --compiler_bindir "C:/Program Files/Microsoft Visual Studio/2022/Professional/VC/Tools/MSVC/14.32.31326/bin/HostX64/x64/../../../../../../.." --sdk_dir "C:/Program Files (x86)/Windows Kits/10/" --display_error_number --orig_src_file_name "CMakeCUDACompilerId.cu" --orig_src_path_name "E:\Projects\CudaProgram\untitled1\cmake-build-debug\CMakeFiles\3.23.2\CompilerIdCUDA\CMakeCUDACompilerId.cu" --allow_managed --m64 --parse_templates --gen_c_file_name "tmp/CMakeCUDACompilerId.cudafe1.cpp" --stub_file_name "CMakeCUDACompilerId.cudafe1.stub.c" --gen_module_id_file --module_id_file_name "tmp/CMakeCUDACompilerId.module_id" "tmp/CMakeCUDACompilerId.cpp4.ii" 
#$ cl.exe @"tmp/CMakeCUDACompilerId.cpp1.ii.res" > "tmp/CMakeCUDACompilerId.cpp1.ii" 
CMakeCUDACompilerId.cu
#$ cicc --microsoft_version=1932 --msvc_target_version=1932 --compiler_bindir "C:/Program Files/Microsoft Visual Studio/2022/Professional/VC/Tools/MSVC/14.32.31326/bin/HostX64/x64/../../../../../../.." --sdk_dir "C:/Program Files (x86)/Windows Kits/10/" --display_error_number --orig_src_file_name "CMakeCUDACompilerId.cu" --orig_src_path_name "E:\Projects\CudaProgram\untitled1\cmake-build-debug\CMakeFiles\3.23.2\CompilerIdCUDA\CMakeCUDACompilerId.cu" --allow_managed  -arch compute_52 -m64 --no-version-ident -ftz=0 -prec_div=1 -prec_sqrt=1 -fmad=1 --include_file_name "CMakeCUDACompilerId.fatbin.c" -tused --module_id_file_name "tmp/CMakeCUDACompilerId.module_id" --gen_c_file_name "tmp/CMakeCUDACompilerId.cudafe1.c" --stub_file_name "tmp/CMakeCUDACompilerId.cudafe1.stub.c" --gen_device_file_name "tmp/CMakeCUDACompilerId.cudafe1.gpu"  "tmp/CMakeCUDACompilerId.cpp1.ii" -o "tmp/CMakeCUDACompilerId.ptx"
#$ ptxas -arch=sm_52 -m64 "tmp/CMakeCUDACompilerId.ptx"  -o "tmp/CMakeCUDACompilerId.sm_52.cubin" 
#$ fatbinary --create="tmp/CMakeCUDACompilerId.fatbin" -64 --cicc-cmdline="-ftz=0 -prec_div=1 -prec_sqrt=1 -fmad=1 " "--image3=kind=elf,sm=52,file=tmp/CMakeCUDACompilerId.sm_52.cubin" "--image3=kind=ptx,sm=52,file=tmp/CMakeCUDACompilerId.ptx" --embedded-fatbin="tmp/CMakeCUDACompilerId.fatbin.c" 
#$ cl.exe @"tmp/CMakeCUDACompilerId.obj.res" -Fo"tmp/CMakeCUDACompilerId.obj" 
CMakeCUDACompilerId.cudafe1.cpp
#$ nvlink -optf "tmp/a_dlink.sm_52.cubin.optf"
#$ fatbinary --create="tmp/a_dlink.fatbin" -64 --cicc-cmdline="-ftz=0 -prec_div=1 -prec_sqrt=1 -fmad=1 " -link "--image3=kind=elf,sm=52,file=tmp/a_dlink.sm_52.cubin" --embedded-fatbin="tmp/a_dlink.fatbin.c" 
#$ cl.exe @"tmp/a_dlink.obj.res" -Fo"tmp/a_dlink.obj" 
link.stub
#$ cl.exe @"tmp/a.exe.res" -Fe"a.exe" 
  正在创建库 a.lib 和对象 a.exp


Compilation of the CUDA compiler identification source "CMakeCUDACompilerId.cu" produced "a.exe"

Compilation of the CUDA compiler identification source "CMakeCUDACompilerId.cu" produced "a.exp"

Compilation of the CUDA compiler identification source "CMakeCUDACompilerId.cu" produced "a.lib"

The CUDA compiler identification is NVIDIA, found in "E:/Projects/CudaProgram/untitled1/cmake-build-debug/CMakeFiles/3.23.2/CompilerIdCUDA/a.exe"

Parsed CUDA nvcc implicit link information from above output:
  found 'PATH=' string: [C:\Program Files\Microsoft Visual Studio\2022\Professional\VC\Tools\MSVC\14.32.31326\bin\HostX64\x64;C:\Program Files\Microsoft Visual Studio\2022\Professional\VC\Tools\MSVC\14.32.31326\bin\HostX64\x64;C:\Program Files\Microsoft Visual Studio\2022\Professional\Common7\IDE\VC\VCPackages;C:\Program Files\Microsoft Visual Studio\2022\Professional\Common7\IDE\CommonExtensions\Microsoft\TestWindow;C:\Program Files\Microsoft Visual Studio\2022\Professional\Common7\IDE\CommonExtensions\Microsoft\TeamFoundation\Team Explorer;C:\Program Files\Microsoft Visual Studio\2022\Professional\MSBuild\Current\bin\Roslyn;C:\Program Files\Microsoft Visual Studio\2022\Professional\Team Tools\Performance Tools\x64;C:\Program Files\Microsoft Visual Studio\2022\Professional\Team Tools\Performance Tools;C:\Program Files (x86)\Microsoft SDKs\Windows\v10.0A\bin\NETFX 4.8 Tools\x64\;C:\Program Files\Microsoft Visual Studio\2022\Professional\Common7\IDE\CommonExtensions\Microsoft\FSharp\Tools;C:\Program Files (x86)\Windows Kits\10\bin\10.0.19041.0\\x64;C:\Program Files (x86)\Windows Kits\10\bin\\x64;C:\Program Files\Microsoft Visual Studio\2022\Professional\\MSBuild\Current\Bin\amd64;C:\WINDOWS\Microsoft.NET\Framework64\v4.0.30319;C:\Program Files\Microsoft Visual Studio\2022\Professional\Common7\IDE\;C:\Program Files\Microsoft Visual Studio\2022\Professional\Common7\Tools\;C:\Program Files\Microsoft Visual Studio\2022\Professional\VC\Tools\MSVC\14.32.31326\bin\HostX64\x64;C:\Program Files\Microsoft Visual Studio\2022\Professional\Common7\IDE\VC\VCPackages;C:\Program Files\Microsoft Visual Studio\2022\Professional\Common7\IDE\CommonExtensions\Microsoft\TestWindow;C:\Program Files\Microsoft Visual Studio\2022\Professional\Common7\IDE\CommonExtensions\Microsoft\TeamFoundation\Team Explorer;C:\Program Files\Microsoft Visual Studio\2022\Professional\MSBuild\Current\bin\Roslyn;C:\Program Files\Microsoft Visual Studio\2022\Professional\Team Tools\Performance Tools\x64;C:\Program Files\Microsoft Visual Studio\2022\Professional\Team Tools\Performance Tools;C:\Program Files (x86)\Microsoft SDKs\Windows\v10.0A\bin\NETFX 4.8 Tools\x64\;C:\Program Files\Microsoft Visual Studio\2022\Professional\Common7\IDE\CommonExtensions\Microsoft\FSharp\Tools;C:\Program Files (x86)\Windows Kits\10\bin\10.0.19041.0\\x64;C:\Program Files (x86)\Windows Kits\10\bin\\x64;C:\Program Files\Microsoft Visual Studio\2022\Professional\\MSBuild\Current\Bin\amd64;C:\WINDOWS\Microsoft.NET\Framework64\v4.0.30319;C:\Program Files\Microsoft Visual Studio\2022\Professional\Common7\IDE\;C:\Program Files\Microsoft Visual Studio\2022\Professional\Common7\Tools\;C:\Program Files\NVIDIA GPU Computing Toolkit\CUDA\v12.0\bin;C:\Program Files\NVIDIA GPU Computing Toolkit\CUDA\v12.0\libnvvp;C:\Program Files\NVIDIA GPU Computing Toolkit\CUDA\v10.0\bin;C:\Program Files\NVIDIA GPU Computing Toolkit\CUDA\v10.0\libnvvp;C:\Program Files\Microsoft\jdk-11.0.12.7-hotspot\bin;D:\documents\NetSarang\Xlpd 6\;D:\documents\NetSarang\Xshell 6\;D:\documents\NetSarang\Xmanager 6\;D:\documents\VMware Workstation Pro\bin\;C:\ProgramData\Oracle\Java\javapath;C:\Program Files (x86)\Common Files\Intel\Shared Libraries\redist\intel64\compiler;C:\Windows\system32;C:\Windows;C:\Windows\System32\Wbem;C:\Windows\System32\WindowsPowerShell\v1.0\;C:\Windows\System32\OpenSSH\;C:\Program Files (x86)\NVIDIA Corporation\PhysX\Common;C:\Program Files\NVIDIA Corporation\NVIDIA NvDLISR;C:\WINDOWS\system32;C:\WINDOWS;C:\WINDOWS\System32\Wbem;C:\WINDOWS\System32\WindowsPowerShell\v1.0\;C:\WINDOWS\System32\OpenSSH\;D:\documents\java\jdk\bin\;D:\documents\java\jdk\jre\bin\;C:\Program Files\Common Files\Autodesk Shared\;D:\documents\NodeJS\;D:\documents\Git\cmd;D:\documents\Xshell 7\;D:\documents\NetSarang\Xftp 7\;C:\Program Files\dotnet\;C:\Program Files\CMake\bin;C:\Program Files\Rust stable GNU 1.64\bin;C:\Windows\System32\Wbem;C:\Program Files\NVIDIA GPU Computing Toolkit\CUDA\v10.0\lib\x64;C:\Program Files\NVIDIA GPU Computing Toolkit\CUDA\v10.0\bin;C:\Program Files\NVIDIA GPU Computing Toolkit\CUDA\v10.0\include;C:\Program Files\NVIDIA GPU Computing Toolkit\CUDA\v10.0\libnvvp;C:\Program Files\NVIDIA Corporation\Nsight Compute 2022.4.0\;C:\Users\86183\.cargo\bin;C:\Program Files\MySQL\MySQL Shell 8.0\bin\;C:\Users\86183\AppData\Local\Microsoft\WindowsApps;D:\inssoft\MingW\mingw64\bin;C:\Program Files\MySQL\MySQL Server 5.7\bin;C:\Users\86183\AppData\Roaming\npm;D:\documents\Microsoft VS Code\bin;C:\Users\86183\.dotnet\tools;D:\documents\CLion 2022.1.2\bin;;C:\Program Files\Microsoft Visual Studio\2022\Professional\Common7\IDE\CommonExtensions\Microsoft\CMake\CMake\bin;C:\Program Files\Microsoft Visual Studio\2022\Professional\Common7\IDE\CommonExtensions\Microsoft\CMake\Ninja;C:\Program Files\Microsoft Visual Studio\2022\Professional\Common7\IDE\VC\Linux\bin\ConnectionManagerExe;C:\Program Files\NVIDIA GPU Computing Toolkit\CUDA\v12.0\bin;C:\Program Files\NVIDIA GPU Computing Toolkit\CUDA\v12.0\libnvvp;C:\Program Files\NVIDIA GPU Computing Toolkit\CUDA\v10.0\bin;C:\Program Files\NVIDIA GPU Computing Toolkit\CUDA\v10.0\libnvvp;C:\Program Files\Microsoft\jdk-11.0.12.7-hotspot\bin;D:\documents\NetSarang\Xlpd 6\;D:\documents\NetSarang\Xshell 6\;D:\documents\NetSarang\Xmanager 6\;D:\documents\VMware Workstation Pro\bin\;C:\ProgramData\Oracle\Java\javapath;C:\Program Files (x86)\Common Files\Intel\Shared Libraries\redist\intel64\compiler;C:\Windows\system32;C:\Windows;C:\Windows\System32\Wbem;C:\Windows\System32\WindowsPowerShell\v1.0\;C:\Windows\System32\OpenSSH\;C:\Program Files (x86)\NVIDIA Corporation\PhysX\Common;C:\Program Files\NVIDIA Corporation\NVIDIA NvDLISR;C:\WINDOWS\system32;C:\WINDOWS;C:\WINDOWS\System32\Wbem;C:\WINDOWS\System32\WindowsPowerShell\v1.0\;C:\WINDOWS\System32\OpenSSH\;D:\documents\java\jdk\bin\;D:\documents\java\jdk\jre\bin\;C:\Program Files\Common Files\Autodesk Shared\;D:\documents\NodeJS\;D:\documents\Git\cmd;D:\documents\Xshell 7\;D:\documents\NetSarang\Xftp 7\;C:\Program Files\dotnet\;C:\Program Files\CMake\bin;C:\Program Files\Rust stable GNU 1.64\bin;C:\Windows\System32\Wbem;C:\Program Files\NVIDIA GPU Computing Toolkit\CUDA\v10.0\lib\x64;C:\Program Files\NVIDIA GPU Computing Toolkit\CUDA\v10.0\bin;C:\Program Files\NVIDIA GPU Computing Toolkit\CUDA\v10.0\include;C:\Program Files\NVIDIA GPU Computing Toolkit\CUDA\v10.0\libnvvp;C:\Program Files\NVIDIA Corporation\Nsight Compute 2022.4.0\;C:\Users\86183\.cargo\bin;C:\Program Files\MySQL\MySQL Shell 8.0\bin\;C:\Users\86183\AppData\Local\Microsoft\WindowsApps;D:\inssoft\MingW\mingw64\bin;C:\Program Files\MySQL\MySQL Server 5.7\bin;C:\Users\86183\AppData\Roaming\npm;D:\documents\Microsoft VS Code\bin;C:\Users\86183\.dotnet\tools;D:\documents\CLion 2022.1.2\bin;;E:\Tools\CLion 2022.2.4\bin\ninja\win;C:\Program Files\Microsoft Visual Studio\2022\Professional\Common7\IDE\CommonExtensions\Microsoft\CMake\CMake\bin;C:\Program Files\Microsoft Visual Studio\2022\Professional\Common7\IDE\CommonExtensions\Microsoft\CMake\Ninja;C:\Program Files\Microsoft Visual Studio\2022\Professional\Common7\IDE\VC\Linux\bin\ConnectionManagerExe]
  found 'LIBRARIES=' string: ["/LIBPATH:C:/Program Files/NVIDIA GPU Computing Toolkit/CUDA/v12.0/bin/../lib/x64"]
  considering line: []
  considering line: [E:\Projects\CudaProgram\untitled1\cmake-build-debug\CMakeFiles\3.23.2\CompilerIdCUDA>call "C:/Program Files/Microsoft Visual Studio/2022/Professional/VC/Tools/MSVC/14.32.31326/bin/HostX64/x64/../../../../../../../VC/Auxiliary/Build/vcvars64.bat" ]
  considering line: [**********************************************************************]
  considering line: [** Visual Studio 2022 Developer Command Prompt v17.2.2]
  considering line: [** Copyright (c) 2022 Microsoft Corporation]
  considering line: [**********************************************************************]
  considering line: [[vcvarsall.bat] Environment initialized for: 'x64']
  considering line: [C:/Program Files/Microsoft Visual Studio/2022/Professional/VC/Tools/MSVC/14.32.31326/bin/HostX64/x64/../../../../../../../VC/Auxiliary/Build/vcvars64.bat]
  considering line: [erase tmp/a_dlink.reg.c]
  considering line: [CMakeCUDACompilerId.cu]
  considering line: [cl.exe @"tmp/CMakeCUDACompilerId.cpp4.ii.res" > "tmp/CMakeCUDACompilerId.cpp4.ii" ]
  considering line: [CMakeCUDACompilerId.cu]
  considering line: [cudafe++ --microsoft_version=1932 --msvc_target_version=1932 --compiler_bindir "C:/Program Files/Microsoft Visual Studio/2022/Professional/VC/Tools/MSVC/14.32.31326/bin/HostX64/x64/../../../../../../.." --sdk_dir "C:/Program Files (x86)/Windows Kits/10/" --display_error_number --orig_src_file_name "CMakeCUDACompilerId.cu" --orig_src_path_name "E:\Projects\CudaProgram\untitled1\cmake-build-debug\CMakeFiles\3.23.2\CompilerIdCUDA\CMakeCUDACompilerId.cu" --allow_managed --m64 --parse_templates --gen_c_file_name "tmp/CMakeCUDACompilerId.cudafe1.cpp" --stub_file_name "CMakeCUDACompilerId.cudafe1.stub.c" --gen_module_id_file --module_id_file_name "tmp/CMakeCUDACompilerId.module_id" "tmp/CMakeCUDACompilerId.cpp4.ii" ]
  considering line: [cl.exe @"tmp/CMakeCUDACompilerId.cpp1.ii.res" > "tmp/CMakeCUDACompilerId.cpp1.ii" ]
  considering line: [CMakeCUDACompilerId.cu]
  considering line: [cicc --microsoft_version=1932 --msvc_target_version=1932 --compiler_bindir "C:/Program Files/Microsoft Visual Studio/2022/Professional/VC/Tools/MSVC/14.32.31326/bin/HostX64/x64/../../../../../../.." --sdk_dir "C:/Program Files (x86)/Windows Kits/10/" --display_error_number --orig_src_file_name "CMakeCUDACompilerId.cu" --orig_src_path_name "E:\Projects\CudaProgram\untitled1\cmake-build-debug\CMakeFiles\3.23.2\CompilerIdCUDA\CMakeCUDACompilerId.cu" --allow_managed  -arch compute_52 -m64 --no-version-ident -ftz=0 -prec_div=1 -prec_sqrt=1 -fmad=1 --include_file_name "CMakeCUDACompilerId.fatbin.c" -tused --module_id_file_name "tmp/CMakeCUDACompilerId.module_id" --gen_c_file_name "tmp/CMakeCUDACompilerId.cudafe1.c" --stub_file_name "tmp/CMakeCUDACompilerId.cudafe1.stub.c" --gen_device_file_name "tmp/CMakeCUDACompilerId.cudafe1.gpu"  "tmp/CMakeCUDACompilerId.cpp1.ii" -o "tmp/CMakeCUDACompilerId.ptx"]
  considering line: [ptxas -arch=sm_52 -m64 "tmp/CMakeCUDACompilerId.ptx"  -o "tmp/CMakeCUDACompilerId.sm_52.cubin" ]
  considering line: [fatbinary --create="tmp/CMakeCUDACompilerId.fatbin" -64 --cicc-cmdline="-ftz=0 -prec_div=1 -prec_sqrt=1 -fmad=1 " "--image3=kind=elf,sm=52,file=tmp/CMakeCUDACompilerId.sm_52.cubin" "--image3=kind=ptx,sm=52,file=tmp/CMakeCUDACompilerId.ptx" --embedded-fatbin="tmp/CMakeCUDACompilerId.fatbin.c" ]
  considering line: [cl.exe @"tmp/CMakeCUDACompilerId.obj.res" -Fo"tmp/CMakeCUDACompilerId.obj" ]
  considering line: [CMakeCUDACompilerId.cudafe1.cpp]
  considering line: [nvlink -optf "tmp/a_dlink.sm_52.cubin.optf"]
    ignoring nvlink line
  considering line: [fatbinary --create="tmp/a_dlink.fatbin" -64 --cicc-cmdline="-ftz=0 -prec_div=1 -prec_sqrt=1 -fmad=1 " -link "--image3=kind=elf,sm=52,file=tmp/a_dlink.sm_52.cubin" --embedded-fatbin="tmp/a_dlink.fatbin.c" ]
  considering line: [cl.exe @"tmp/a_dlink.obj.res" -Fo"tmp/a_dlink.obj" ]
  considering line: [link.stub]
  considering line: [cl.exe @"tmp/a.exe.res" -Fe"a.exe" ]
    extracted link line: [cl.exe -D__CUDA_ARCH_LIST__=520 -nologo "E:\Projects\CudaProgram\untitled1\cmake-build-debug\CMakeFiles\3.23.2\CompilerIdCUDA\tmp\a_dlink.obj" "E:\Projects\CudaProgram\untitled1\cmake-build-debug\CMakeFiles\3.23.2\CompilerIdCUDA\tmp\CMakeCUDACompilerId.obj" -link -INCREMENTAL:NO   "/LIBPATH:C:/Program Files/NVIDIA GPU Computing Toolkit/CUDA/v12.0/bin/../lib/x64"  cudadevrt.lib  cudart_static.lib -Fe"a.exe" ]
  considering line: [  正在创建库 a.lib 和对象 a.exp]
  considering line: []

  link line regex: [^( *|.*[/\])(link\.exe|CMAKE_LINK_STARTFILE-NOTFOUND|([^/\]+-)?ld|collect2)[^/\]*( |$)]
  link line: [cuda-fake-ld cl.exe -D__CUDA_ARCH_LIST__=520 -nologo "E:\Projects\CudaProgram\untitled1\cmake-build-debug\CMakeFiles\3.23.2\CompilerIdCUDA\tmp\a_dlink.obj" "E:\Projects\CudaProgram\untitled1\cmake-build-debug\CMakeFiles\3.23.2\CompilerIdCUDA\tmp\CMakeCUDACompilerId.obj" -link -INCREMENTAL:NO   "/LIBPATH:C:/Program Files/NVIDIA GPU Computing Toolkit/CUDA/v12.0/bin/../lib/x64"  cudadevrt.lib  cudart_static.lib -Fe"a.exe" ]
    arg [cuda-fake-ld] ==> ignore
    arg [cl.exe] ==> recognize MSVC cl
    arg [-D__CUDA_ARCH_LIST__=520] ==> ignore
    arg [-nologo] ==> ignore
    arg [E:\Projects\CudaProgram\untitled1\cmake-build-debug\CMakeFiles\3.23.2\CompilerIdCUDA\tmp\a_dlink.obj] ==> ignore
    arg [E:\Projects\CudaProgram\untitled1\cmake-build-debug\CMakeFiles\3.23.2\CompilerIdCUDA\tmp\CMakeCUDACompilerId.obj] ==> ignore
    arg [-link] ==> ignore MSVC cl option
    arg [-INCREMENTAL:NO] ==> ignore
    arg [/LIBPATH:C:/Program Files/NVIDIA GPU Computing Toolkit/CUDA/v12.0/bin/../lib/x64] ==> dir [C:/Program Files/NVIDIA GPU Computing Toolkit/CUDA/v12.0/bin/../lib/x64]
    arg [cudadevrt.lib] ==> lib [cudadevrt.lib]
    arg [cudart_static.lib] ==> lib [cudart_static.lib]
    arg [-Fea.exe] ==> ignore
  collapse library dir [C:/Program Files/NVIDIA GPU Computing Toolkit/CUDA/v12.0/bin/../lib/x64] ==> [C:/Program Files/NVIDIA GPU Computing Toolkit/CUDA/v12.0/lib/x64]
  implicit libs: [cudadevrt.lib;cudart_static.lib]
  implicit objs: []
  implicit dirs: [C:/Program Files/NVIDIA GPU Computing Toolkit/CUDA/v12.0/lib/x64]
  implicit fwks: []


Parsed CUDA nvcc include information from above output:
  found 'PATH=' string: [C:\Program Files\Microsoft Visual Studio\2022\Professional\VC\Tools\MSVC\14.32.31326\bin\HostX64\x64;C:\Program Files\Microsoft Visual Studio\2022\Professional\VC\Tools\MSVC\14.32.31326\bin\HostX64\x64;C:\Program Files\Microsoft Visual Studio\2022\Professional\Common7\IDE\VC\VCPackages;C:\Program Files\Microsoft Visual Studio\2022\Professional\Common7\IDE\CommonExtensions\Microsoft\TestWindow;C:\Program Files\Microsoft Visual Studio\2022\Professional\Common7\IDE\CommonExtensions\Microsoft\TeamFoundation\Team Explorer;C:\Program Files\Microsoft Visual Studio\2022\Professional\MSBuild\Current\bin\Roslyn;C:\Program Files\Microsoft Visual Studio\2022\Professional\Team Tools\Performance Tools\x64;C:\Program Files\Microsoft Visual Studio\2022\Professional\Team Tools\Performance Tools;C:\Program Files (x86)\Microsoft SDKs\Windows\v10.0A\bin\NETFX 4.8 Tools\x64\;C:\Program Files\Microsoft Visual Studio\2022\Professional\Common7\IDE\CommonExtensions\Microsoft\FSharp\Tools;C:\Program Files (x86)\Windows Kits\10\bin\10.0.19041.0\\x64;C:\Program Files (x86)\Windows Kits\10\bin\\x64;C:\Program Files\Microsoft Visual Studio\2022\Professional\\MSBuild\Current\Bin\amd64;C:\WINDOWS\Microsoft.NET\Framework64\v4.0.30319;C:\Program Files\Microsoft Visual Studio\2022\Professional\Common7\IDE\;C:\Program Files\Microsoft Visual Studio\2022\Professional\Common7\Tools\;C:\Program Files\Microsoft Visual Studio\2022\Professional\VC\Tools\MSVC\14.32.31326\bin\HostX64\x64;C:\Program Files\Microsoft Visual Studio\2022\Professional\Common7\IDE\VC\VCPackages;C:\Program Files\Microsoft Visual Studio\2022\Professional\Common7\IDE\CommonExtensions\Microsoft\TestWindow;C:\Program Files\Microsoft Visual Studio\2022\Professional\Common7\IDE\CommonExtensions\Microsoft\TeamFoundation\Team Explorer;C:\Program Files\Microsoft Visual Studio\2022\Professional\MSBuild\Current\bin\Roslyn;C:\Program Files\Microsoft Visual Studio\2022\Professional\Team Tools\Performance Tools\x64;C:\Program Files\Microsoft Visual Studio\2022\Professional\Team Tools\Performance Tools;C:\Program Files (x86)\Microsoft SDKs\Windows\v10.0A\bin\NETFX 4.8 Tools\x64\;C:\Program Files\Microsoft Visual Studio\2022\Professional\Common7\IDE\CommonExtensions\Microsoft\FSharp\Tools;C:\Program Files (x86)\Windows Kits\10\bin\10.0.19041.0\\x64;C:\Program Files (x86)\Windows Kits\10\bin\\x64;C:\Program Files\Microsoft Visual Studio\2022\Professional\\MSBuild\Current\Bin\amd64;C:\WINDOWS\Microsoft.NET\Framework64\v4.0.30319;C:\Program Files\Microsoft Visual Studio\2022\Professional\Common7\IDE\;C:\Program Files\Microsoft Visual Studio\2022\Professional\Common7\Tools\;C:\Program Files\NVIDIA GPU Computing Toolkit\CUDA\v12.0\bin;C:\Program Files\NVIDIA GPU Computing Toolkit\CUDA\v12.0\libnvvp;C:\Program Files\NVIDIA GPU Computing Toolkit\CUDA\v10.0\bin;C:\Program Files\NVIDIA GPU Computing Toolkit\CUDA\v10.0\libnvvp;C:\Program Files\Microsoft\jdk-11.0.12.7-hotspot\bin;D:\documents\NetSarang\Xlpd 6\;D:\documents\NetSarang\Xshell 6\;D:\documents\NetSarang\Xmanager 6\;D:\documents\VMware Workstation Pro\bin\;C:\ProgramData\Oracle\Java\javapath;C:\Program Files (x86)\Common Files\Intel\Shared Libraries\redist\intel64\compiler;C:\Windows\system32;C:\Windows;C:\Windows\System32\Wbem;C:\Windows\System32\WindowsPowerShell\v1.0\;C:\Windows\System32\OpenSSH\;C:\Program Files (x86)\NVIDIA Corporation\PhysX\Common;C:\Program Files\NVIDIA Corporation\NVIDIA NvDLISR;C:\WINDOWS\system32;C:\WINDOWS;C:\WINDOWS\System32\Wbem;C:\WINDOWS\System32\WindowsPowerShell\v1.0\;C:\WINDOWS\System32\OpenSSH\;D:\documents\java\jdk\bin\;D:\documents\java\jdk\jre\bin\;C:\Program Files\Common Files\Autodesk Shared\;D:\documents\NodeJS\;D:\documents\Git\cmd;D:\documents\Xshell 7\;D:\documents\NetSarang\Xftp 7\;C:\Program Files\dotnet\;C:\Program Files\CMake\bin;C:\Program Files\Rust stable GNU 1.64\bin;C:\Windows\System32\Wbem;C:\Program Files\NVIDIA GPU Computing Toolkit\CUDA\v10.0\lib\x64;C:\Program Files\NVIDIA GPU Computing Toolkit\CUDA\v10.0\bin;C:\Program Files\NVIDIA GPU Computing Toolkit\CUDA\v10.0\include;C:\Program Files\NVIDIA GPU Computing Toolkit\CUDA\v10.0\libnvvp;C:\Program Files\NVIDIA Corporation\Nsight Compute 2022.4.0\;C:\Users\86183\.cargo\bin;C:\Program Files\MySQL\MySQL Shell 8.0\bin\;C:\Users\86183\AppData\Local\Microsoft\WindowsApps;D:\inssoft\MingW\mingw64\bin;C:\Program Files\MySQL\MySQL Server 5.7\bin;C:\Users\86183\AppData\Roaming\npm;D:\documents\Microsoft VS Code\bin;C:\Users\86183\.dotnet\tools;D:\documents\CLion 2022.1.2\bin;;C:\Program Files\Microsoft Visual Studio\2022\Professional\Common7\IDE\CommonExtensions\Microsoft\CMake\CMake\bin;C:\Program Files\Microsoft Visual Studio\2022\Professional\Common7\IDE\CommonExtensions\Microsoft\CMake\Ninja;C:\Program Files\Microsoft Visual Studio\2022\Professional\Common7\IDE\VC\Linux\bin\ConnectionManagerExe;C:\Program Files\NVIDIA GPU Computing Toolkit\CUDA\v12.0\bin;C:\Program Files\NVIDIA GPU Computing Toolkit\CUDA\v12.0\libnvvp;C:\Program Files\NVIDIA GPU Computing Toolkit\CUDA\v10.0\bin;C:\Program Files\NVIDIA GPU Computing Toolkit\CUDA\v10.0\libnvvp;C:\Program Files\Microsoft\jdk-11.0.12.7-hotspot\bin;D:\documents\NetSarang\Xlpd 6\;D:\documents\NetSarang\Xshell 6\;D:\documents\NetSarang\Xmanager 6\;D:\documents\VMware Workstation Pro\bin\;C:\ProgramData\Oracle\Java\javapath;C:\Program Files (x86)\Common Files\Intel\Shared Libraries\redist\intel64\compiler;C:\Windows\system32;C:\Windows;C:\Windows\System32\Wbem;C:\Windows\System32\WindowsPowerShell\v1.0\;C:\Windows\System32\OpenSSH\;C:\Program Files (x86)\NVIDIA Corporation\PhysX\Common;C:\Program Files\NVIDIA Corporation\NVIDIA NvDLISR;C:\WINDOWS\system32;C:\WINDOWS;C:\WINDOWS\System32\Wbem;C:\WINDOWS\System32\WindowsPowerShell\v1.0\;C:\WINDOWS\System32\OpenSSH\;D:\documents\java\jdk\bin\;D:\documents\java\jdk\jre\bin\;C:\Program Files\Common Files\Autodesk Shared\;D:\documents\NodeJS\;D:\documents\Git\cmd;D:\documents\Xshell 7\;D:\documents\NetSarang\Xftp 7\;C:\Program Files\dotnet\;C:\Program Files\CMake\bin;C:\Program Files\Rust stable GNU 1.64\bin;C:\Windows\System32\Wbem;C:\Program Files\NVIDIA GPU Computing Toolkit\CUDA\v10.0\lib\x64;C:\Program Files\NVIDIA GPU Computing Toolkit\CUDA\v10.0\bin;C:\Program Files\NVIDIA GPU Computing Toolkit\CUDA\v10.0\include;C:\Program Files\NVIDIA GPU Computing Toolkit\CUDA\v10.0\libnvvp;C:\Program Files\NVIDIA Corporation\Nsight Compute 2022.4.0\;C:\Users\86183\.cargo\bin;C:\Program Files\MySQL\MySQL Shell 8.0\bin\;C:\Users\86183\AppData\Local\Microsoft\WindowsApps;D:\inssoft\MingW\mingw64\bin;C:\Program Files\MySQL\MySQL Server 5.7\bin;C:\Users\86183\AppData\Roaming\npm;D:\documents\Microsoft VS Code\bin;C:\Users\86183\.dotnet\tools;D:\documents\CLion 2022.1.2\bin;;E:\Tools\CLion 2022.2.4\bin\ninja\win;C:\Program Files\Microsoft Visual Studio\2022\Professional\Common7\IDE\CommonExtensions\Microsoft\CMake\CMake\bin;C:\Program Files\Microsoft Visual Studio\2022\Professional\Common7\IDE\CommonExtensions\Microsoft\CMake\Ninja;C:\Program Files\Microsoft Visual Studio\2022\Professional\Common7\IDE\VC\Linux\bin\ConnectionManagerExe]
  found 'LIBRARIES=' string: ["/LIBPATH:C:/Program Files/NVIDIA GPU Computing Toolkit/CUDA/v12.0/bin/../lib/x64"]
  considering line: []
  considering line: [E:\Projects\CudaProgram\untitled1\cmake-build-debug\CMakeFiles\3.23.2\CompilerIdCUDA>call "C:/Program Files/Microsoft Visual Studio/2022/Professional/VC/Tools/MSVC/14.32.31326/bin/HostX64/x64/../../../../../../../VC/Auxiliary/Build/vcvars64.bat" ]
  considering line: [**********************************************************************]
  considering line: [** Visual Studio 2022 Developer Command Prompt v17.2.2]
  considering line: [** Copyright (c) 2022 Microsoft Corporation]
  considering line: [**********************************************************************]
  considering line: [[vcvarsall.bat] Environment initialized for: 'x64']
  considering line: [C:/Program Files/Microsoft Visual Studio/2022/Professional/VC/Tools/MSVC/14.32.31326/bin/HostX64/x64/../../../../../../../VC/Auxiliary/Build/vcvars64.bat]
  considering line: [erase tmp/a_dlink.reg.c]
  considering line: [CMakeCUDACompilerId.cu]
  considering line: [cl.exe @"tmp/CMakeCUDACompilerId.cpp4.ii.res" > "tmp/CMakeCUDACompilerId.cpp4.ii" ]
  considering line: [CMakeCUDACompilerId.cu]
  considering line: [cudafe++ --microsoft_version=1932 --msvc_target_version=1932 --compiler_bindir "C:/Program Files/Microsoft Visual Studio/2022/Professional/VC/Tools/MSVC/14.32.31326/bin/HostX64/x64/../../../../../../.." --sdk_dir "C:/Program Files (x86)/Windows Kits/10/" --display_error_number --orig_src_file_name "CMakeCUDACompilerId.cu" --orig_src_path_name "E:\Projects\CudaProgram\untitled1\cmake-build-debug\CMakeFiles\3.23.2\CompilerIdCUDA\CMakeCUDACompilerId.cu" --allow_managed --m64 --parse_templates --gen_c_file_name "tmp/CMakeCUDACompilerId.cudafe1.cpp" --stub_file_name "CMakeCUDACompilerId.cudafe1.stub.c" --gen_module_id_file --module_id_file_name "tmp/CMakeCUDACompilerId.module_id" "tmp/CMakeCUDACompilerId.cpp4.ii" ]
  considering line: [cl.exe @"tmp/CMakeCUDACompilerId.cpp1.ii.res" > "tmp/CMakeCUDACompilerId.cpp1.ii" ]
  considering line: [CMakeCUDACompilerId.cu]
  considering line: [cicc --microsoft_version=1932 --msvc_target_version=1932 --compiler_bindir "C:/Program Files/Microsoft Visual Studio/2022/Professional/VC/Tools/MSVC/14.32.31326/bin/HostX64/x64/../../../../../../.." --sdk_dir "C:/Program Files (x86)/Windows Kits/10/" --display_error_number --orig_src_file_name "CMakeCUDACompilerId.cu" --orig_src_path_name "E:\Projects\CudaProgram\untitled1\cmake-build-debug\CMakeFiles\3.23.2\CompilerIdCUDA\CMakeCUDACompilerId.cu" --allow_managed  -arch compute_52 -m64 --no-version-ident -ftz=0 -prec_div=1 -prec_sqrt=1 -fmad=1 --include_file_name "CMakeCUDACompilerId.fatbin.c" -tused --module_id_file_name "tmp/CMakeCUDACompilerId.module_id" --gen_c_file_name "tmp/CMakeCUDACompilerId.cudafe1.c" --stub_file_name "tmp/CMakeCUDACompilerId.cudafe1.stub.c" --gen_device_file_name "tmp/CMakeCUDACompilerId.cudafe1.gpu"  "tmp/CMakeCUDACompilerId.cpp1.ii" -o "tmp/CMakeCUDACompilerId.ptx"]
  considering line: [ptxas -arch=sm_52 -m64 "tmp/CMakeCUDACompilerId.ptx"  -o "tmp/CMakeCUDACompilerId.sm_52.cubin" ]
  considering line: [fatbinary --create="tmp/CMakeCUDACompilerId.fatbin" -64 --cicc-cmdline="-ftz=0 -prec_div=1 -prec_sqrt=1 -fmad=1 " "--image3=kind=elf,sm=52,file=tmp/CMakeCUDACompilerId.sm_52.cubin" "--image3=kind=ptx,sm=52,file=tmp/CMakeCUDACompilerId.ptx" --embedded-fatbin="tmp/CMakeCUDACompilerId.fatbin.c" ]
  considering line: [cl.exe @"tmp/CMakeCUDACompilerId.obj.res" -Fo"tmp/CMakeCUDACompilerId.obj" ]
  considering line: [CMakeCUDACompilerId.cudafe1.cpp]
  considering line: [nvlink -optf "tmp/a_dlink.sm_52.cubin.optf"]
    ignoring nvlink line
  considering line: [fatbinary --create="tmp/a_dlink.fatbin" -64 --cicc-cmdline="-ftz=0 -prec_div=1 -prec_sqrt=1 -fmad=1 " -link "--image3=kind=elf,sm=52,file=tmp/a_dlink.sm_52.cubin" --embedded-fatbin="tmp/a_dlink.fatbin.c" ]
  considering line: [cl.exe @"tmp/a_dlink.obj.res" -Fo"tmp/a_dlink.obj" ]
  considering line: [link.stub]
  considering line: [cl.exe @"tmp/a.exe.res" -Fe"a.exe" ]
    extracted link line: [cl.exe -D__CUDA_ARCH_LIST__=520 -nologo "E:\Projects\CudaProgram\untitled1\cmake-build-debug\CMakeFiles\3.23.2\CompilerIdCUDA\tmp\a_dlink.obj" "E:\Projects\CudaProgram\untitled1\cmake-build-debug\CMakeFiles\3.23.2\CompilerIdCUDA\tmp\CMakeCUDACompilerId.obj" -link -INCREMENTAL:NO   "/LIBPATH:C:/Program Files/NVIDIA GPU Computing Toolkit/CUDA/v12.0/bin/../lib/x64"  cudadevrt.lib  cudart_static.lib -Fe"a.exe" ]
  considering line: [  正在创建库 a.lib 和对象 a.exp]
  considering line: []
  found 'INCLUDES=' string: ["-IC:/Program Files/NVIDIA GPU Computing Toolkit/CUDA/v12.0/bin/../include"  ]

  link line regex: [^( *|.*[/\])(link\.exe|CMAKE_LINK_STARTFILE-NOTFOUND|([^/\]+-)?ld|collect2)[^/\]*( |$)]
  link line: [cuda-fake-ld cl.exe -D__CUDA_ARCH_LIST__=520 -nologo "E:\Projects\CudaProgram\untitled1\cmake-build-debug\CMakeFiles\3.23.2\CompilerIdCUDA\tmp\a_dlink.obj" "E:\Projects\CudaProgram\untitled1\cmake-build-debug\CMakeFiles\3.23.2\CompilerIdCUDA\tmp\CMakeCUDACompilerId.obj" -link -INCREMENTAL:NO   "/LIBPATH:C:/Program Files/NVIDIA GPU Computing Toolkit/CUDA/v12.0/bin/../lib/x64"  cudadevrt.lib  cudart_static.lib -Fe"a.exe" ]
    arg [cuda-fake-ld] ==> ignore
    arg [cl.exe] ==> recognize MSVC cl
    arg [-D__CUDA_ARCH_LIST__=520] ==> ignore
    arg [-nologo] ==> ignore
    arg [E:\Projects\CudaProgram\untitled1\cmake-build-debug\CMakeFiles\3.23.2\CompilerIdCUDA\tmp\a_dlink.obj] ==> ignore
    arg [E:\Projects\CudaProgram\untitled1\cmake-build-debug\CMakeFiles\3.23.2\CompilerIdCUDA\tmp\CMakeCUDACompilerId.obj] ==> ignore
    arg [-link] ==> ignore MSVC cl option
    arg [-INCREMENTAL:NO] ==> ignore
    arg [/LIBPATH:C:/Program Files/NVIDIA GPU Computing Toolkit/CUDA/v12.0/bin/../lib/x64] ==> dir [C:/Program Files/NVIDIA GPU Computing Toolkit/CUDA/v12.0/bin/../lib/x64]
    arg [cudadevrt.lib] ==> lib [cudadevrt.lib]
    arg [cudart_static.lib] ==> lib [cudart_static.lib]
    arg [-Fea.exe] ==> ignore
  collapse library dir [C:/Program Files/NVIDIA GPU Computing Toolkit/CUDA/v12.0/bin/../lib/x64] ==> [C:/Program Files/NVIDIA GPU Computing Toolkit/CUDA/v12.0/lib/x64]
  implicit libs: [cudadevrt.lib;cudart_static.lib]
  implicit objs: []
  implicit dirs: [C:/Program Files/NVIDIA GPU Computing Toolkit/CUDA/v12.0/lib/x64]
  implicit fwks: []


Detecting CUDA compiler ABI info compiled with the following output:
Change Dir: E:/Projects/CudaProgram/untitled1/cmake-build-debug/CMakeFiles/CMakeTmp

Run Build Command(s):E:/Tools/CLion 2022.2.4/bin/ninja/win/ninja.exe cmTC_88e3b && [1/2] Building CUDA object CMakeFiles\cmTC_88e3b.dir\CMakeCUDACompilerABI.cu.obj
cl: 命令行 warning D9002 :忽略未知选项“-v”
CMakeCUDACompilerABI.cu
cl: 命令行 warning D9002 :忽略未知选项“-v”
CMakeCUDACompilerABI.cu
CMakeCUDACompilerABI.cu
cl: 命令行 warning D9002 :忽略未知选项“-v”
tmpxft_00005e8c_00000000-10_CMakeCUDACompilerABI.cudafe1.cpp
[2/2] Linking CUDA executable cmTC_88e3b.exe



Parsed CUDA implicit include dir info from above output: rv=start
  warn: unable to parse implicit include dirs!


Parsed CUDA implicit link information from above output:
  link line regex: [^( *|.*[/\])(link\.exe|CMAKE_LINK_STARTFILE-NOTFOUND|([^/\]+-)?ld|collect2)[^/\]*( |$)]
  ignore line: [Change Dir: E:/Projects/CudaProgram/untitled1/cmake-build-debug/CMakeFiles/CMakeTmp]
  ignore line: []
  ignore line: [Run Build Command(s):E:/Tools/CLion 2022.2.4/bin/ninja/win/ninja.exe cmTC_88e3b && [1/2] Building CUDA object CMakeFiles\cmTC_88e3b.dir\CMakeCUDACompilerABI.cu.obj]
  ignore line: [cl: 命令行 warning D9002 :忽略未知选项“-v”]
  ignore line: [CMakeCUDACompilerABI.cu]
  ignore line: [cl: 命令行 warning D9002 :忽略未知选项“-v”]
  ignore line: [CMakeCUDACompilerABI.cu]
  ignore line: [CMakeCUDACompilerABI.cu]
  ignore line: [cl: 命令行 warning D9002 :忽略未知选项“-v”]
  ignore line: [tmpxft_00005e8c_00000000-10_CMakeCUDACompilerABI.cudafe1.cpp]
  ignore line: [[2/2] Linking CUDA executable cmTC_88e3b.exe]
  ignore line: []
  ignore line: []
  implicit libs: []
  implicit objs: []
  implicit dirs: []
  implicit fwks: []


